<?xml version="1.0" encoding="UTF-8"?>
<!-- Generated by org.testng.reporters.JUnitReportReporter -->
<testsuite hostname="LAPTOP-F3T3R3H9" failures="0" tests="1" name="homepagetests.tests" time="2.191" errors="0" timestamp="24 Oct 2021 16:43:32 GMT" skipped="0">
  <testcase classname="homepagetests.tests" name="menuTest" time="2.191"/>
</testsuite> <!-- homepagetests.tests -->
